<?xml version="1.0" encoding="UTF-8"?>
<testng-results skipped="0" failed="0" total="1" passed="1">
  <reporter-output>
  </reporter-output>
  <suite name="com.epam.lab.task2.GmailTest" duration-ms="25843" started-at="2018-02-02T14:48:54Z" finished-at="2018-02-02T14:49:20Z">
    <groups>
    </groups>
    <test name="Command line test" duration-ms="25843" started-at="2018-02-02T14:48:54Z" finished-at="2018-02-02T14:49:20Z">
      <class name="com.epam.lab.task2.GmailTest">
        <test-method status="PASS" signature="launch()[pri:0, instance:com.epam.lab.task2.GmailTest@511baa65]" name="launch" is-config="true" duration-ms="3563" started-at="2018-02-02T16:48:54Z" finished-at="2018-02-02T16:48:58Z">
          <reporter-output>
          </reporter-output>
        </test-method> <!-- launch -->
        <test-method status="PASS" signature="testGmail()[pri:0, instance:com.epam.lab.task2.GmailTest@511baa65]" name="testGmail" duration-ms="20629" started-at="2018-02-02T16:48:58Z" finished-at="2018-02-02T16:49:19Z">
          <reporter-output>
          </reporter-output>
        </test-method> <!-- testGmail -->
        <test-method status="PASS" signature="quitBrowser()[pri:0, instance:com.epam.lab.task2.GmailTest@511baa65]" name="quitBrowser" is-config="true" duration-ms="1641" started-at="2018-02-02T16:49:19Z" finished-at="2018-02-02T16:49:20Z">
          <reporter-output>
          </reporter-output>
        </test-method> <!-- quitBrowser -->
      </class> <!-- com.epam.lab.task2.GmailTest -->
    </test> <!-- Command line test -->
  </suite> <!-- com.epam.lab.task2.GmailTest -->
</testng-results>
